e:\c++项目\syntfingerdll\syntfingerdll\debug\vc120.pdb
e:\c++项目\syntfingerdll\syntfingerdll\debug\vc120.idb
e:\c++项目\syntfingerdll\syntfingerdll\debug\syntfinger.obj
e:\c++项目\syntfingerdll\debug\syntfingerdll.ilk
e:\c++项目\syntfingerdll\debug\syntfingerdll.dll
e:\c++项目\syntfingerdll\debug\syntfingerdll.pdb
e:\c++项目\syntfingerdll\debug\syntfingerdll.lib
e:\c++项目\syntfingerdll\debug\syntfingerdll.exp
d:\c++code\指纹测试资料\syntfingerdll\syntfingerdll\debug\syntfinger.obj
d:\c++code\指纹测试资料\syntfingerdll\syntfingerdll\debug\vc120.idb
d:\c++code\指纹测试资料\syntfingerdll\syntfingerdll\debug\vc120.pdb
d:\c++code\指纹测试资料\syntfingerdll\debug\syntfingerdll.pdb
d:\c++code\指纹测试资料\syntfingerdll\debug\syntfingerdll.dll
d:\c++code\指纹测试资料\syntfingerdll\debug\syntfingerdll.ilk
d:\c++code\指纹测试资料\syntfingerdll\syntfingerdll\debug\syntfingerdll.tlog\cl.command.1.tlog
d:\c++code\指纹测试资料\syntfingerdll\syntfingerdll\debug\syntfingerdll.tlog\cl.read.1.tlog
d:\c++code\指纹测试资料\syntfingerdll\syntfingerdll\debug\syntfingerdll.tlog\cl.write.1.tlog
d:\c++code\指纹测试资料\syntfingerdll\syntfingerdll\debug\syntfingerdll.tlog\link.command.1.tlog
d:\c++code\指纹测试资料\syntfingerdll\syntfingerdll\debug\syntfingerdll.tlog\link.read.1.tlog
d:\c++code\指纹测试资料\syntfingerdll\syntfingerdll\debug\syntfingerdll.tlog\link.write.1.tlog
d:\c++code\指纹测试资料\syntfingerdll\syntfingerdll\debug\syntfingerdll.tlog\syntfingerdll.write.1u.tlog
